<?xml version="1.0" encoding="UTF-8"?>
<!-- Generated by org.testng.reporters.JUnitXMLReporter -->
<testsuite ignored="0" hostname="SujaniLaptop" failures="0" tests="6" name="Default test" time="8.032" errors="0" timestamp="2025-03-27T18:01:31 MDT">
  <testcase classname="demorest.Dynamicjson" name="addBook" time="3.384"/>
  <testcase classname="demorest.Dynamicjson" name="addBook" time="1.0"/>
  <testcase classname="demorest.Dynamicjson" name="addBook" time="0.619"/>
  <testcase classname="demorest.Dynamicjson" name="deleteBook" time="1.006"/>
  <testcase classname="demorest.Dynamicjson" name="deleteBook" time="0.969"/>
  <testcase classname="demorest.Dynamicjson" name="deleteBook" time="0.977"/>
</testsuite> <!-- Default test -->
