<?xml version="1.0" encoding="UTF-8"?>
<testsuite xmlns:xsi="http://www.w3.org/2001/XMLSchema-instance" xsi:noNamespaceSchemaLocation="https://maven.apache.org/surefire/maven-surefire-plugin/xsd/surefire-test-report.xsd" version="3.0.2" name="TestSuite" time="106.07" tests="3" errors="0" skipped="0" failures="0">
  <properties>
[...]
</properties>
  <testcase name="test3" classname="remotetesting.dockervalidation.ChromeNodeTest3" time="38.192">
    <system-out><![CDATA[found my text
Title: Grid | Selenium
]]></system-out>
    <system-err><![CDATA[SLF4J: Failed to load class "org.slf4j.impl.StaticLoggerBinder".
SLF4J: Defaulting to no-operation (NOP) logger implementation
SLF4J: See http://www.slf4j.org/codes.html#StaticLoggerBinder for further details.
May 09, 2025 10:38:01 A.M. org.openqa.selenium.remote.tracing.opentelemetry.OpenTelemetryTracer createTracer
INFO: Using OpenTelemetry for tracing
]]></system-err>
  </testcase>
  <testcase name="test1" classname="remotetesting.dockervalidation.ChromeNodeTest1" time="38.366">
    <system-out><![CDATA[Title: Google
]]></system-out>
  </testcase>
  <testcase name="test2" classname="remotetesting.dockervalidation.ChromeNodeTest2" time="40.089">
    <system-out><![CDATA[Title: Gmail
]]></system-out>
  </testcase>
</testsuite>