<?xml version="1.0" encoding="UTF-8"?>
<!-- Generated by org.testng.reporters.JUnitXMLReporter -->
<testsuite ignored="0" hostname="SujaniLaptop" failures="0" tests="4" name="Test" time="1.537" errors="0" timestamp="2025-02-24T16:12:31 MST">
  <testcase classname="exceldata.Excel" name="testCaseData" time="0.015"/>
  <testcase classname="exceldata.Excel" name="testCaseData" time="0.002"/>
  <testcase classname="exceldata.Excel" name="testCaseData" time="0.002"/>
  <testcase classname="exceldata.Excel" name="testCaseData" time="0.002"/>
</testsuite> <!-- Test -->
