<?xml version="1.0" encoding="UTF-8"?>
<!-- Generated by org.testng.reporters.JUnitXMLReporter -->
<testsuite ignored="0" hostname="SujaniLaptop" failures="0" tests="3" name="Test" time="105.062" errors="0" timestamp="2025-05-09T10:38:58 MDT">
  <testcase classname="remotetesting.dockervalidation.ChromeNodeTest3" name="test3" time="37.968"/>
  <testcase classname="remotetesting.dockervalidation.ChromeNodeTest1" name="test1" time="38.247"/>
  <testcase classname="remotetesting.dockervalidation.ChromeNodeTest2" name="test2" time="40.102"/>
</testsuite> <!-- Test -->
