<?xml version="1.0" encoding="UTF-8"?>
<testng-results ignored="0" total="4" passed="4" failed="0" skipped="0">
  <reporter-output>
  </reporter-output>
  <suite started-at="2025-03-05T11:32:35 MST" name="Suite" finished-at="2025-03-05T11:32:36 MST" duration-ms="144">
    <groups>
    </groups>
    <test started-at="2025-03-05T11:32:35 MST" name="Test" finished-at="2025-03-05T11:32:36 MST" duration-ms="144">
      <class name="sujaniacademy.mavenJava.RESTAPITest">
        <test-method signature="deleteTwitter()[pri:0, instance:sujaniacademy.mavenJava.RESTAPITest@333291e3]" started-at="2025-03-05T11:32:36 MST" name="deleteTwitter" finished-at="2025-03-05T11:32:36 MST" duration-ms="14" status="PASS">
          <reporter-output>
          </reporter-output>
        </test-method> <!-- deleteTwitter -->
        <test-method signature="postJira()[pri:0, instance:sujaniacademy.mavenJava.RESTAPITest@333291e3]" started-at="2025-03-05T11:32:36 MST" name="postJira" finished-at="2025-03-05T11:32:36 MST" duration-ms="1" status="PASS">
          <reporter-output>
          </reporter-output>
        </test-method> <!-- postJira -->
      </class> <!-- sujaniacademy.mavenJava.RESTAPITest -->
      <class name="sujaniacademy.mavenJava.SeleniumTest">
        <test-method signature="BrowserAutomation()[pri:0, instance:sujaniacademy.mavenJava.SeleniumTest@59fd97a8]" started-at="2025-03-05T11:32:36 MST" name="BrowserAutomation" finished-at="2025-03-05T11:32:36 MST" duration-ms="2" status="PASS">
          <reporter-output>
          </reporter-output>
        </test-method> <!-- BrowserAutomation -->
        <test-method signature="ElementsUI()[pri:0, instance:sujaniacademy.mavenJava.SeleniumTest@59fd97a8]" started-at="2025-03-05T11:32:36 MST" name="ElementsUI" finished-at="2025-03-05T11:32:36 MST" duration-ms="1" status="PASS">
          <reporter-output>
          </reporter-output>
        </test-method> <!-- ElementsUI -->
      </class> <!-- sujaniacademy.mavenJava.SeleniumTest -->
    </test> <!-- Test -->
  </suite> <!-- Suite -->
</testng-results>
