<?xml version="1.0" encoding="UTF-8"?>
<testng-results ignored="0" total="1" passed="1" failed="0" skipped="0">
  <reporter-output>
  </reporter-output>
  <suite started-at="2025-05-27T10:24:49 MDT" name="Default suite" finished-at="2025-05-27T10:24:58 MDT" duration-ms="8931">
    <groups>
    </groups>
    <test started-at="2025-05-27T10:24:49 MDT" name="Default test" finished-at="2025-05-27T10:24:58 MDT" duration-ms="8931">
      <class name="sujaniacademy.tests.ResponsiveTest">
        <test-method is-config="true" signature="setUp()[pri:0, instance:sujaniacademy.tests.ResponsiveTest@17fc391b]" started-at="2025-05-27T10:24:50 MDT" name="setUp" description="Launching Chrome Browser" finished-at="2025-05-27T10:24:57 MDT" duration-ms="7185" status="PASS">
          <reporter-output>
          </reporter-output>
        </test-method> <!-- setUp -->
        <test-method signature="responsiveTest()[pri:0, instance:sujaniacademy.tests.ResponsiveTest@17fc391b]" started-at="2025-05-27T10:24:57 MDT" name="responsiveTest" description="Checking if the webpage is responsive or not" finished-at="2025-05-27T10:24:58 MDT" duration-ms="1629" status="PASS">
          <reporter-output>
          </reporter-output>
        </test-method> <!-- responsiveTest -->
      </class> <!-- sujaniacademy.tests.ResponsiveTest -->
    </test> <!-- Default test -->
  </suite> <!-- Default suite -->
</testng-results>
