<?xml version="1.0" encoding="UTF-8"?>
<!-- Generated by org.testng.reporters.JUnitXMLReporter -->
<testsuite ignored="0" hostname="SujaniLaptop" failures="0" tests="4" name="Test" time="0.144" errors="0" timestamp="2025-03-05T11:32:36 MST">
  <testcase classname="sujaniacademy.mavenJava.RESTAPITest" name="deleteTwitter" time="0.014"/>
  <testcase classname="sujaniacademy.mavenJava.RESTAPITest" name="postJira" time="0.001"/>
  <testcase classname="sujaniacademy.mavenJava.SeleniumTest" name="BrowserAutomation" time="0.002"/>
  <testcase classname="sujaniacademy.mavenJava.SeleniumTest" name="ElementsUI" time="0.001"/>
</testsuite> <!-- Test -->
