<?xml version="1.0" encoding="UTF-8"?>
<testng-results ignored="0" total="1" passed="1" failed="0" skipped="0">
  <reporter-output>
  </reporter-output>
  <suite started-at="2025-02-13T18:45:44 MST" name="Default suite" finished-at="2025-02-13T18:46:01 MST" duration-ms="16786">
    <groups>
    </groups>
    <test started-at="2025-02-13T18:45:44 MST" name="Default test" finished-at="2025-02-13T18:46:01 MST" duration-ms="16786">
      <class name="sujaniacademy.ExtentReports.ExtentReportDemo">
        <test-method signature="initialDemo()[pri:0, instance:sujaniacademy.ExtentReports.ExtentReportDemo@6cf0e0ba]" started-at="2025-02-13T18:45:44 MST" name="initialDemo" finished-at="2025-02-13T18:46:01 MST" duration-ms="16743" status="PASS">
          <reporter-output>
          </reporter-output>
        </test-method> <!-- initialDemo -->
      </class> <!-- sujaniacademy.ExtentReports.ExtentReportDemo -->
    </test> <!-- Default test -->
  </suite> <!-- Default suite -->
</testng-results>
