<?xml version="1.0" encoding="UTF-8"?>
<!-- Generated by org.testng.reporters.JUnitXMLReporter -->
<testsuite ignored="1" hostname="SujaniLaptop" failures="0" tests="1" name="Error Validation Test(failed)" time="14.752" errors="0" timestamp="2025-05-26T12:43:28 MDT">
  <testcase classname="sujaniacademy.tests.ErrorValidationsTest" name="errorLoginValidation" time="0.871"/>
  <testcase classname="sujaniacademy.tests.ErrorValidationsTest" name="submitOrderError" time="0.0">
    <ignored/>
  </testcase> <!-- submitOrderError -->
</testsuite> <!-- Error Validation Test(failed) -->
