<?xml version="1.0" encoding="UTF-8"?>
<testng-results ignored="0" total="3" passed="3" failed="0" skipped="0">
  <reporter-output>
  </reporter-output>
  <suite started-at="2025-05-09T09:40:21 MDT" name="Suite" finished-at="2025-05-09T09:41:21 MDT" duration-ms="60876">
    <groups>
    </groups>
    <test started-at="2025-05-09T09:40:21 MDT" name="Test" finished-at="2025-05-09T09:41:21 MDT" duration-ms="60876">
      <class name="remotetesting.dockervalidation.ChromeNodeTest3">
        <test-method signature="test3()[pri:0, instance:remotetesting.dockervalidation.ChromeNodeTest3@4c583ecf]" started-at="2025-05-09T09:40:47 MDT" name="test3" finished-at="2025-05-09T09:41:06 MDT" duration-ms="18875" status="PASS">
          <reporter-output>
          </reporter-output>
        </test-method> <!-- test3 -->
      </class> <!-- remotetesting.dockervalidation.ChromeNodeTest3 -->
      <class name="remotetesting.dockervalidation.ChromeNodeTest2">
        <test-method signature="test2()[pri:0, instance:remotetesting.dockervalidation.ChromeNodeTest2@368f2016]" started-at="2025-05-09T09:40:47 MDT" name="test2" finished-at="2025-05-09T09:41:07 MDT" duration-ms="19704" status="PASS">
          <reporter-output>
          </reporter-output>
        </test-method> <!-- test2 -->
      </class> <!-- remotetesting.dockervalidation.ChromeNodeTest2 -->
      <class name="remotetesting.dockervalidation.ChromeNodeTest1">
        <test-method is-config="true" signature="startDocker()[pri:0, instance:remotetesting.dockervalidation.ChromeNodeTest1@6f1de4c7]" started-at="2025-05-09T09:40:21 MDT" name="startDocker" finished-at="2025-05-09T09:40:47 MDT" duration-ms="26283" status="PASS">
          <reporter-output>
          </reporter-output>
        </test-method> <!-- startDocker -->
        <test-method signature="test1()[pri:0, instance:remotetesting.dockervalidation.ChromeNodeTest1@6f1de4c7]" started-at="2025-05-09T09:40:47 MDT" name="test1" finished-at="2025-05-09T09:41:06 MDT" duration-ms="18951" status="PASS">
          <reporter-output>
          </reporter-output>
        </test-method> <!-- test1 -->
        <test-method is-config="true" signature="stopDocker()[pri:0, instance:remotetesting.dockervalidation.ChromeNodeTest1@6f1de4c7]" started-at="2025-05-09T09:41:07 MDT" name="stopDocker" finished-at="2025-05-09T09:41:21 MDT" duration-ms="14766" status="PASS">
          <reporter-output>
          </reporter-output>
        </test-method> <!-- stopDocker -->
      </class> <!-- remotetesting.dockervalidation.ChromeNodeTest1 -->
    </test> <!-- Test -->
  </suite> <!-- Suite -->
</testng-results>
