<?xml version="1.0" encoding="UTF-8"?>
<testng-results ignored="0" total="1" passed="1" failed="0" skipped="0">
  <reporter-output>
  </reporter-output>
  <suite started-at="2025-06-09T16:25:14 MDT" name="Default suite" finished-at="2025-06-09T16:25:17 MDT" duration-ms="3269">
    <groups>
    </groups>
    <test started-at="2025-06-09T16:25:14 MDT" name="Default test" finished-at="2025-06-09T16:25:17 MDT" duration-ms="3269">
      <class name="com.api.test.LoginAPITest2">
        <test-method signature="loginTest()[pri:0, instance:com.api.test.LoginAPITest2@d86a6f]" started-at="2025-06-09T16:25:14 MDT" name="loginTest" finished-at="2025-06-09T16:25:17 MDT" duration-ms="3189" status="PASS">
          <reporter-output>
          </reporter-output>
        </test-method> <!-- loginTest -->
      </class> <!-- com.api.test.LoginAPITest2 -->
    </test> <!-- Default test -->
  </suite> <!-- Default suite -->
</testng-results>
