<?xml version="1.0" encoding="UTF-8"?>
<!-- Generated by org.testng.reporters.JUnitXMLReporter -->
<testsuite ignored="0" hostname="SujaniLaptop" failures="0" tests="3" name="Test" time="60.876" errors="0" timestamp="2025-05-09T09:41:21 MDT">
  <testcase classname="remotetesting.dockervalidation.ChromeNodeTest3" name="test3" time="18.875"/>
  <testcase classname="remotetesting.dockervalidation.ChromeNodeTest1" name="test1" time="18.951"/>
  <testcase classname="remotetesting.dockervalidation.ChromeNodeTest2" name="test2" time="19.704"/>
</testsuite> <!-- Test -->
