<?xml version="1.0" encoding="UTF-8"?>
<testng-results ignored="0" total="6" passed="6" failed="0" skipped="0">
  <reporter-output>
  </reporter-output>
  <suite started-at="2025-03-27T18:01:23 MDT" name="Default suite" finished-at="2025-03-27T18:01:31 MDT" duration-ms="8032">
    <groups>
    </groups>
    <test started-at="2025-03-27T18:01:23 MDT" name="Default test" finished-at="2025-03-27T18:01:31 MDT" duration-ms="8032">
      <class name="demorest.Dynamicjson">
        <test-method signature="addBook(java.lang.String,java.lang.String)[pri:0, instance:demorest.Dynamicjson@72c8e7b]" started-at="2025-03-27T18:01:23 MDT" name="addBook" data-provider="BooksData" finished-at="2025-03-27T18:01:27 MDT" duration-ms="3384" status="PASS">
          <params>
            <param index="0">
              <value>
                <![CDATA[dfscb]]>
              </value>
            </param>
            <param index="1">
              <value>
                <![CDATA[8754]]>
              </value>
            </param>
          </params>
          <reporter-output>
          </reporter-output>
        </test-method> <!-- addBook -->
        <test-method signature="addBook(java.lang.String,java.lang.String)[pri:0, instance:demorest.Dynamicjson@72c8e7b]" started-at="2025-03-27T18:01:27 MDT" name="addBook" data-provider="BooksData" finished-at="2025-03-27T18:01:28 MDT" duration-ms="1000" status="PASS">
          <params>
            <param index="0">
              <value>
                <![CDATA[ghfv]]>
              </value>
            </param>
            <param index="1">
              <value>
                <![CDATA[3234]]>
              </value>
            </param>
          </params>
          <reporter-output>
          </reporter-output>
        </test-method> <!-- addBook -->
        <test-method signature="addBook(java.lang.String,java.lang.String)[pri:0, instance:demorest.Dynamicjson@72c8e7b]" started-at="2025-03-27T18:01:28 MDT" name="addBook" data-provider="BooksData" finished-at="2025-03-27T18:01:28 MDT" duration-ms="619" status="PASS">
          <params>
            <param index="0">
              <value>
                <![CDATA[hnbm]]>
              </value>
            </param>
            <param index="1">
              <value>
                <![CDATA[9812]]>
              </value>
            </param>
          </params>
          <reporter-output>
          </reporter-output>
        </test-method> <!-- addBook -->
        <test-method signature="deleteBook(java.lang.String,java.lang.String)[pri:0, instance:demorest.Dynamicjson@72c8e7b]" started-at="2025-03-27T18:01:28 MDT" name="deleteBook" data-provider="BooksData" finished-at="2025-03-27T18:01:29 MDT" duration-ms="1006" status="PASS">
          <params>
            <param index="0">
              <value>
                <![CDATA[dfscb]]>
              </value>
            </param>
            <param index="1">
              <value>
                <![CDATA[8754]]>
              </value>
            </param>
          </params>
          <reporter-output>
          </reporter-output>
        </test-method> <!-- deleteBook -->
        <test-method signature="deleteBook(java.lang.String,java.lang.String)[pri:0, instance:demorest.Dynamicjson@72c8e7b]" started-at="2025-03-27T18:01:29 MDT" name="deleteBook" data-provider="BooksData" finished-at="2025-03-27T18:01:30 MDT" duration-ms="969" status="PASS">
          <params>
            <param index="0">
              <value>
                <![CDATA[ghfv]]>
              </value>
            </param>
            <param index="1">
              <value>
                <![CDATA[3234]]>
              </value>
            </param>
          </params>
          <reporter-output>
          </reporter-output>
        </test-method> <!-- deleteBook -->
        <test-method signature="deleteBook(java.lang.String,java.lang.String)[pri:0, instance:demorest.Dynamicjson@72c8e7b]" started-at="2025-03-27T18:01:30 MDT" name="deleteBook" data-provider="BooksData" finished-at="2025-03-27T18:01:31 MDT" duration-ms="977" status="PASS">
          <params>
            <param index="0">
              <value>
                <![CDATA[hnbm]]>
              </value>
            </param>
            <param index="1">
              <value>
                <![CDATA[9812]]>
              </value>
            </param>
          </params>
          <reporter-output>
          </reporter-output>
        </test-method> <!-- deleteBook -->
      </class> <!-- demorest.Dynamicjson -->
    </test> <!-- Default test -->
  </suite> <!-- Default suite -->
</testng-results>
